<?xml version="1.0" encoding="UTF-8"?>
<!-- Generated by org.testng.reporters.JUnitXMLReporter -->
<testsuite hostname="Hasan" name="Before Testing Class" tests="3" failures="1" timestamp="24 Apr 2015 00:54:32 GMT" time="17.65" errors="0">
  <testcase name="Gmail_Test" time="1.661" classname="testcases.BeforeTesting"/>
  <testcase name="SpaFinder_Test" time="4.675" classname="testcases.BeforeTesting"/>
  <testcase name="failingTest" time="4.789" classname="testcases.BeforeTesting">
    <failure type="java.lang.AssertionError" message="expected [true] but found [false]">
      <![CDATA[java.lang.AssertionError: expected [true] but found [false]
	at testcases.BeforeTesting.failingTest(BeforeTesting.java:40)
... Removed 27 stack frames]]>
    </failure>
  </testcase> <!-- failingTest -->
</testsuite> <!-- Before Testing Class -->
