<?xml version="1.0" encoding="UTF-8"?>
<!-- Generated by org.testng.reporters.JUnitXMLReporter -->
<testsuite hostname="Hasan" name="Test Listener" tests="2" failures="1" timestamp="23 Apr 2015 20:28:22 GMT" time="8.753" errors="0">
  <testcase name="iAmPassing" time="2.52" classname="learnListener.TestingListener"/>
  <testcase name="iAmFailing" time="0.004" classname="learnListener.TestingListener">
    <failure type="java.lang.AssertionError" message="expected [Y] but found [A]">
      <![CDATA[java.lang.AssertionError: expected [Y] but found [A]
	at learnListener.TestingListener.iAmFailing(TestingListener.java:45)
... Removed 29 stack frames]]>
    </failure>
  </testcase> <!-- iAmFailing -->
</testsuite> <!-- Test Listener -->
