<?xml version="1.0" encoding="UTF-8"?>
<!-- Generated by org.testng.reporters.JUnitXMLReporter -->
<testsuite hostname="Hasan" name="Data One Test" tests="2" failures="0" timestamp="15 Apr 2015 19:49:01 GMT" time="0.019" errors="0">
  <testcase name="@AfterClass tearDown" time="0.0" classname="dataProvider.DataOne">
    <skipped/>
  </testcase> <!-- @AfterClass tearDown -->
  <testcase name="testDropBoxUsingDataProver" time="0.004" classname="dataProvider.DataOne">
    <skipped/>
  </testcase> <!-- testDropBoxUsingDataProver -->
  <testcase name="testDropBoxUsingDataProver" time="0.005" classname="dataProvider.DataOne">
    <skipped/>
  </testcase> <!-- testDropBoxUsingDataProver -->
</testsuite> <!-- Data One Test -->
