<?xml version="1.0" encoding="UTF-8"?>
<testng-results skipped="0" failed="0" total="6" passed="6">
  <reporter-output>
  </reporter-output>
  <suite name="Selenium Grid Testing" duration-ms="37779" started-at="2015-04-20T21:03:03Z" finished-at="2015-04-20T21:03:41Z">
    <groups>
    </groups>
    <test name="Gmail testing using Firefox" duration-ms="7698" started-at="2015-04-20T21:03:03Z" finished-at="2015-04-20T21:03:11Z">
      <class name="testcases.TestGmail">
        <test-method status="PASS" signature="startUp(java.lang.String)[pri:0, instance:testcases.TestGmail@6cd8737]" name="startUp" is-config="true" duration-ms="5568" started-at="2015-04-20T17:03:03Z" finished-at="2015-04-20T17:03:09Z">
          <params>
            <param index="0">
              <value>
                <![CDATA[firefox]]>
              </value>
            </param>
          </params>
          <reporter-output>
          </reporter-output>
        </test-method> <!-- startUp -->
        <test-method status="PASS" signature="gmailTest()[pri:0, instance:testcases.TestGmail@6cd8737]" name="gmailTest" duration-ms="1859" started-at="2015-04-20T17:03:09Z" finished-at="2015-04-20T17:03:10Z">
          <reporter-output>
          </reporter-output>
        </test-method> <!-- gmailTest -->
        <test-method status="PASS" signature="broseClose()[pri:0, instance:testcases.TestGmail@6cd8737]" name="broseClose" is-config="true" duration-ms="48" started-at="2015-04-20T17:03:10Z" finished-at="2015-04-20T17:03:10Z">
          <reporter-output>
          </reporter-output>
        </test-method> <!-- broseClose -->
        <test-method status="PASS" signature="tearDown()[pri:0, instance:testcases.TestGmail@6cd8737]" name="tearDown" is-config="true" duration-ms="214" started-at="2015-04-20T17:03:10Z" finished-at="2015-04-20T17:03:11Z">
          <reporter-output>
          </reporter-output>
        </test-method> <!-- tearDown -->
      </class> <!-- testcases.TestGmail -->
    </test> <!-- Gmail testing using Firefox -->
    <test name="Gmail testing using Chrome" duration-ms="12934" started-at="2015-04-20T21:03:03Z" finished-at="2015-04-20T21:03:16Z">
      <class name="testcases.TestGmail">
        <test-method status="PASS" signature="startUp(java.lang.String)[pri:0, instance:testcases.TestGmail@67b64c45]" name="startUp" is-config="true" duration-ms="10947" started-at="2015-04-20T17:03:03Z" finished-at="2015-04-20T17:03:14Z">
          <params>
            <param index="0">
              <value>
                <![CDATA[chrome]]>
              </value>
            </param>
          </params>
          <reporter-output>
          </reporter-output>
        </test-method> <!-- startUp -->
        <test-method status="PASS" signature="gmailTest()[pri:0, instance:testcases.TestGmail@67b64c45]" name="gmailTest" duration-ms="1768" started-at="2015-04-20T17:03:14Z" finished-at="2015-04-20T17:03:16Z">
          <reporter-output>
          </reporter-output>
        </test-method> <!-- gmailTest -->
        <test-method status="PASS" signature="broseClose()[pri:0, instance:testcases.TestGmail@67b64c45]" name="broseClose" is-config="true" duration-ms="50" started-at="2015-04-20T17:03:16Z" finished-at="2015-04-20T17:03:16Z">
          <reporter-output>
          </reporter-output>
        </test-method> <!-- broseClose -->
        <test-method status="PASS" signature="tearDown()[pri:0, instance:testcases.TestGmail@67b64c45]" name="tearDown" is-config="true" duration-ms="162" started-at="2015-04-20T17:03:16Z" finished-at="2015-04-20T17:03:16Z">
          <reporter-output>
          </reporter-output>
        </test-method> <!-- tearDown -->
      </class> <!-- testcases.TestGmail -->
    </test> <!-- Gmail testing using Chrome -->
    <test name="DropBox Testing using Firefox" duration-ms="31794" started-at="2015-04-20T21:03:03Z" finished-at="2015-04-20T21:03:35Z">
      <class name="testcases.TestDropBox">
        <test-method status="PASS" signature="startUp(java.lang.String)[pri:0, instance:testcases.TestDropBox@edf4efb]" name="startUp" is-config="true" duration-ms="16729" started-at="2015-04-20T17:03:03Z" finished-at="2015-04-20T17:03:20Z">
          <params>
            <param index="0">
              <value>
                <![CDATA[firefox]]>
              </value>
            </param>
          </params>
          <reporter-output>
          </reporter-output>
        </test-method> <!-- startUp -->
        <test-method status="PASS" signature="dropBox()[pri:0, instance:testcases.TestDropBox@edf4efb]" name="dropBox" duration-ms="5849" started-at="2015-04-20T17:03:20Z" finished-at="2015-04-20T17:03:26Z">
          <reporter-output>
          </reporter-output>
        </test-method> <!-- dropBox -->
        <test-method status="PASS" signature="broseClose()[pri:0, instance:testcases.TestDropBox@edf4efb]" name="broseClose" is-config="true" duration-ms="64" started-at="2015-04-20T17:03:26Z" finished-at="2015-04-20T17:03:26Z">
          <reporter-output>
          </reporter-output>
        </test-method> <!-- broseClose -->
        <test-method status="PASS" signature="startUp(java.lang.String)[pri:0, instance:testcases.TestDropBox@edf4efb]" name="startUp" is-config="true" duration-ms="6845" started-at="2015-04-20T17:03:26Z" finished-at="2015-04-20T17:03:32Z">
          <params>
            <param index="0">
              <value>
                <![CDATA[firefox]]>
              </value>
            </param>
          </params>
          <reporter-output>
          </reporter-output>
        </test-method> <!-- startUp -->
        <test-method status="PASS" signature="facebookTest()[pri:0, instance:testcases.TestDropBox@edf4efb]" name="facebookTest" duration-ms="1784" started-at="2015-04-20T17:03:32Z" finished-at="2015-04-20T17:03:34Z">
          <reporter-output>
          </reporter-output>
        </test-method> <!-- facebookTest -->
        <test-method status="PASS" signature="broseClose()[pri:0, instance:testcases.TestDropBox@edf4efb]" name="broseClose" is-config="true" duration-ms="283" started-at="2015-04-20T17:03:34Z" finished-at="2015-04-20T17:03:34Z">
          <reporter-output>
          </reporter-output>
        </test-method> <!-- broseClose -->
        <test-method status="PASS" signature="tearDown()[pri:0, instance:testcases.TestDropBox@edf4efb]" name="tearDown" is-config="true" duration-ms="233" started-at="2015-04-20T17:03:34Z" finished-at="2015-04-20T17:03:35Z">
          <reporter-output>
          </reporter-output>
        </test-method> <!-- tearDown -->
      </class> <!-- testcases.TestDropBox -->
    </test> <!-- DropBox Testing using Firefox -->
    <test name="DropBox Testing using Chrome" duration-ms="37779" started-at="2015-04-20T21:03:03Z" finished-at="2015-04-20T21:03:41Z">
      <class name="testcases.TestDropBox">
        <test-method status="PASS" signature="startUp(java.lang.String)[pri:0, instance:testcases.TestDropBox@58ceff1]" name="startUp" is-config="true" duration-ms="22512" started-at="2015-04-20T17:03:03Z" finished-at="2015-04-20T17:03:25Z">
          <params>
            <param index="0">
              <value>
                <![CDATA[chrome]]>
              </value>
            </param>
          </params>
          <reporter-output>
          </reporter-output>
        </test-method> <!-- startUp -->
        <test-method status="PASS" signature="dropBox()[pri:0, instance:testcases.TestDropBox@58ceff1]" name="dropBox" duration-ms="5137" started-at="2015-04-20T17:03:25Z" finished-at="2015-04-20T17:03:31Z">
          <reporter-output>
          </reporter-output>
        </test-method> <!-- dropBox -->
        <test-method status="PASS" signature="broseClose()[pri:0, instance:testcases.TestDropBox@58ceff1]" name="broseClose" is-config="true" duration-ms="70" started-at="2015-04-20T17:03:31Z" finished-at="2015-04-20T17:03:31Z">
          <reporter-output>
          </reporter-output>
        </test-method> <!-- broseClose -->
        <test-method status="PASS" signature="startUp(java.lang.String)[pri:0, instance:testcases.TestDropBox@58ceff1]" name="startUp" is-config="true" duration-ms="8602" started-at="2015-04-20T17:03:31Z" finished-at="2015-04-20T17:03:39Z">
          <params>
            <param index="0">
              <value>
                <![CDATA[chrome]]>
              </value>
            </param>
          </params>
          <reporter-output>
          </reporter-output>
        </test-method> <!-- startUp -->
        <test-method status="PASS" signature="facebookTest()[pri:0, instance:testcases.TestDropBox@58ceff1]" name="facebookTest" duration-ms="1214" started-at="2015-04-20T17:03:39Z" finished-at="2015-04-20T17:03:40Z">
          <reporter-output>
          </reporter-output>
        </test-method> <!-- facebookTest -->
        <test-method status="PASS" signature="broseClose()[pri:0, instance:testcases.TestDropBox@58ceff1]" name="broseClose" is-config="true" duration-ms="56" started-at="2015-04-20T17:03:40Z" finished-at="2015-04-20T17:03:41Z">
          <reporter-output>
          </reporter-output>
        </test-method> <!-- broseClose -->
        <test-method status="PASS" signature="tearDown()[pri:0, instance:testcases.TestDropBox@58ceff1]" name="tearDown" is-config="true" duration-ms="180" started-at="2015-04-20T17:03:41Z" finished-at="2015-04-20T17:03:41Z">
          <reporter-output>
          </reporter-output>
        </test-method> <!-- tearDown -->
      </class> <!-- testcases.TestDropBox -->
    </test> <!-- DropBox Testing using Chrome -->
  </suite> <!-- Selenium Grid Testing -->
</testng-results>
